<?xml version="1.0" encoding="UTF-8"?>
<!-- Generated by org.testng.reporters.JUnitReportReporter -->
<testsuite hostname="DESKTOP-LC0RNAO" failures="0" tests="1" name="login.Login_test" time="119.241" errors="0" timestamp="2020-02-21T14:09:26 IST" skipped="0">
  <testcase classname="login.Login_test" name="Valid" time="119.241"/>
</testsuite> <!-- login.Login_test -->
